
*** Running vivado
    with args -log top.vds -m64 -product Vivado -mode batch -messageDb vivado.pb -notrace -source top.tcl



****** Vivado v2021.2 (64-bit)
  **** SW Build 3367213 on Tue Oct 19 02:48:09 MDT 2021
  **** IP Build 3369179 on Thu Oct 21 08:25:16 MDT 2021
    ** Copyright 1986-2021 Xilinx, Inc. All Rights Reserved.

source top.tcl -notrace
create_project: Time (s): cpu = 00:00:03 ; elapsed = 00:00:05 . Memory (MB): peak = 1253.078 ; gain = 0.000
Command: synth_design -top top -part xc7a50ticsg324-1L
Starting synth_design
Attempting to get a license for feature 'Synthesis' and/or device 'xc7a50ti'
INFO: [Common 17-349] Got license for feature 'Synthesis' and/or device 'xc7a50ti'
INFO: [Device 21-403] Loading part xc7a50ticsg324-1L
INFO: [Synth 8-7079] Multithreading enabled for synth_design using a maximum of 2 processes.
INFO: [Synth 8-7078] Launching helper process for spawning children vivado processes
INFO: [Synth 8-7075] Helper process launched with PID 1576
---------------------------------------------------------------------------------
Starting RTL Elaboration : Time (s): cpu = 00:00:06 ; elapsed = 00:00:07 . Memory (MB): peak = 1253.078 ; gain = 0.000
---------------------------------------------------------------------------------
ERROR: [Synth 8-2715] syntax error near ) [C:/Users/evald/OneDrive/Dokumentai/Digital-electronics/digital-electronics-1/labs/07-display_driver/display_driver/display_driver.srcs/sources_1/new/top.vhd:70]
ERROR: [Synth 8-2029] formal clk has no actual or default value [C:/Users/evald/OneDrive/Dokumentai/Digital-electronics/digital-electronics-1/labs/07-display_driver/display_driver/display_driver.srcs/sources_1/new/top.vhd:55]
INFO: [Synth 8-994] clk is declared here [C:/Users/evald/OneDrive/Dokumentai/Digital-electronics/digital-electronics-1/labs/07-display_driver/display_driver/display_driver.srcs/sources_1/new/driver_7seg_4digits.vhd:21]
INFO: [Synth 8-994] reset is declared here [C:/Users/evald/OneDrive/Dokumentai/Digital-electronics/digital-electronics-1/labs/07-display_driver/display_driver/display_driver.srcs/sources_1/new/driver_7seg_4digits.vhd:22]
INFO: [Synth 8-994] data0_i is declared here [C:/Users/evald/OneDrive/Dokumentai/Digital-electronics/digital-electronics-1/labs/07-display_driver/display_driver/display_driver.srcs/sources_1/new/driver_7seg_4digits.vhd:24]
INFO: [Synth 8-994] data1_i is declared here [C:/Users/evald/OneDrive/Dokumentai/Digital-electronics/digital-electronics-1/labs/07-display_driver/display_driver/display_driver.srcs/sources_1/new/driver_7seg_4digits.vhd:25]
INFO: [Synth 8-994] data2_i is declared here [C:/Users/evald/OneDrive/Dokumentai/Digital-electronics/digital-electronics-1/labs/07-display_driver/display_driver/display_driver.srcs/sources_1/new/driver_7seg_4digits.vhd:26]
INFO: [Synth 8-994] data3_i is declared here [C:/Users/evald/OneDrive/Dokumentai/Digital-electronics/digital-electronics-1/labs/07-display_driver/display_driver/display_driver.srcs/sources_1/new/driver_7seg_4digits.vhd:27]
INFO: [Synth 8-994] dp_i is declared here [C:/Users/evald/OneDrive/Dokumentai/Digital-electronics/digital-electronics-1/labs/07-display_driver/display_driver/display_driver.srcs/sources_1/new/driver_7seg_4digits.vhd:29]
INFO: [Synth 8-2810] unit behavioral ignored due to previous errors [C:/Users/evald/OneDrive/Dokumentai/Digital-electronics/digital-electronics-1/labs/07-display_driver/display_driver/display_driver.srcs/sources_1/new/top.vhd:49]
---------------------------------------------------------------------------------
Finished RTL Elaboration : Time (s): cpu = 00:00:07 ; elapsed = 00:00:08 . Memory (MB): peak = 1253.078 ; gain = 0.000
---------------------------------------------------------------------------------
RTL Elaboration failed
INFO: [Common 17-83] Releasing license: Synthesis
14 Infos, 0 Warnings, 0 Critical Warnings and 3 Errors encountered.
synth_design failed
ERROR: [Common 17-69] Command failed: Synthesis failed - please see the console or run log file for details
INFO: [Common 17-206] Exiting Vivado at Thu Mar 24 16:59:41 2022...
